<?xml version="1.0" encoding="UTF-8"?>
<!-- Generated by org.testng.reporters.JUnitXMLReporter -->
<testsuite hostname="WDFV41000629D" ignored="0" name="Test" tests="3" failures="0" timestamp="23 Mar 2018 16:17:56 GMT" time="22.781" errors="0">
  <testcase name="chromeprogram" time="8.775" classname="com.selenium.training.InvokeChrome"/>
  <testcase name="chromeprogram" time="6.888" classname="com.selenium.training.InvokeChrome3"/>
  <testcase name="chromeprogram" time="7.065" classname="com.selenium.training.InvokeChrome2"/>
</testsuite> <!-- Test -->
