<?xml version="1.0" encoding="UTF-8"?>
<testng-results skipped="0" failed="0" total="1" passed="1">
  <reporter-output>
  </reporter-output>
  <suite name="Default suite" duration-ms="9257" started-at="2018-03-23T16:16:26Z" finished-at="2018-03-23T16:16:36Z">
    <groups>
    </groups>
    <test name="Default test" duration-ms="9257" started-at="2018-03-23T16:16:26Z" finished-at="2018-03-23T16:16:36Z">
      <class name="com.selenium.training.InvokeChrome">
        <test-method status="PASS" signature="chromeprogram()[pri:0, instance:com.selenium.training.InvokeChrome@2a5ca609]" name="chromeprogram" duration-ms="9231" started-at="2018-03-23T17:16:26Z" finished-at="2018-03-23T17:16:36Z">
          <reporter-output>
          </reporter-output>
        </test-method> <!-- chromeprogram -->
      </class> <!-- com.selenium.training.InvokeChrome -->
    </test> <!-- Default test -->
  </suite> <!-- Default suite -->
</testng-results>
