<?xml version="1.0" encoding="UTF-8"?>
<testng-results skipped="0" failed="0" ignored="0" total="3" passed="3">
  <reporter-output>
  </reporter-output>
  <suite name="Suite" duration-ms="22781" started-at="2018-03-23T16:17:33Z" finished-at="2018-03-23T16:17:56Z">
    <groups>
    </groups>
    <test name="Test" duration-ms="22781" started-at="2018-03-23T16:17:33Z" finished-at="2018-03-23T16:17:56Z">
      <class name="com.selenium.training.InvokeChrome">
        <test-method status="PASS" signature="chromeprogram()[pri:0, instance:com.selenium.training.InvokeChrome@58ceff1]" name="chromeprogram" duration-ms="8775" started-at="2018-03-23T17:17:33Z" finished-at="2018-03-23T17:17:42Z">
          <reporter-output>
          </reporter-output>
        </test-method> <!-- chromeprogram -->
      </class> <!-- com.selenium.training.InvokeChrome -->
      <class name="com.selenium.training.InvokeChrome2">
        <test-method status="PASS" signature="chromeprogram()[pri:0, instance:com.selenium.training.InvokeChrome2@43a25848]" name="chromeprogram" duration-ms="7065" started-at="2018-03-23T17:17:49Z" finished-at="2018-03-23T17:17:56Z">
          <reporter-output>
          </reporter-output>
        </test-method> <!-- chromeprogram -->
      </class> <!-- com.selenium.training.InvokeChrome2 -->
      <class name="com.selenium.training.InvokeChrome3">
        <test-method status="PASS" signature="chromeprogram()[pri:0, instance:com.selenium.training.InvokeChrome3@2133c8f8]" name="chromeprogram" duration-ms="6888" started-at="2018-03-23T17:17:42Z" finished-at="2018-03-23T17:17:49Z">
          <reporter-output>
          </reporter-output>
        </test-method> <!-- chromeprogram -->
      </class> <!-- com.selenium.training.InvokeChrome3 -->
    </test> <!-- Test -->
  </suite> <!-- Suite -->
</testng-results>
